<?xml version="1.0" encoding="UTF-8"?>
<testsuite xmlns:xsi="http://www.w3.org/2001/XMLSchema-instance" xsi:noNamespaceSchemaLocation="https://maven.apache.org/surefire/maven-surefire-plugin/xsd/surefire-test-report-3.0.xsd" version="3.0" name="runner.TestRunner" time="34.541" tests="3" errors="0" skipped="0" failures="0">
  <properties>
[...]
</properties>
  <testcase name="Check login is unsuccessful with invalid username #1" classname="Test Login functionalities" time="10.216">
    <system-out><![CDATA[
@negative_test
Scenario Outline: Check login is unsuccessful with invalid username &amp#27;[90m# src/test/resources/Features/login.feature:23&amp#27;[0m
  &amp#27;[32mGiven &amp#27;[0m&amp#27;[32mUser is on the login page&amp#27;[0m                                   &amp#27;[90m# step_definitions.LoginSteps.navigateToLoginPage()&amp#27;[0m
  &amp#27;[32mWhen &amp#27;[0m&amp#27;[32mUser enters username "&amp#27;[0m&amp#27;[32m&amp#27;[1mstudent1&amp#27;[0m&amp#27;[32m" and password "&amp#27;[0m&amp#27;[32m&amp#27;[1mPassword123&amp#27;[0m&amp#27;[32m"&amp#27;[0m   &amp#27;[90m# step_definitions.LoginSteps.enterUserCredentials(java.lang.String,java.lang.String)&amp#27;[0m
  &amp#27;[32mAnd &amp#27;[0m&amp#27;[32mUser clicks the login button&amp#27;[0m                                  &amp#27;[90m# step_definitions.LoginSteps.clickOnLogin()&amp#27;[0m
  &amp#27;[32mThen &amp#27;[0m&amp#27;[32mUser is failed to login for invalid username&amp#27;[0m                 &amp#27;[90m# step_definitions.LoginSteps.validateLoginFailureForInvalidUsername()&amp#27;[0m
]]></system-out>
    <system-err><![CDATA[SLF4J: No SLF4J providers were found.
SLF4J: Defaulting to no-operation (NOP) logger implementation
SLF4J: See https://www.slf4j.org/codes.html#noProviders for further details.
Aug 26, 2023 10:48:04 PM org.openqa.selenium.remote.service.DriverService$Builder getLogOutput
INFO: Driver logs no longer sent to console by default; https://www.selenium.dev/documentation/webdriver/drivers/service/#setting-log-output
Aug 26, 2023 10:48:05 PM org.openqa.selenium.devtools.CdpVersionFinder findNearestMatch
WARNING: Unable to find an exact match for CDP version 116, so returning the closest version found: 114
]]></system-err>
  </testcase>
  <testcase name="Check login is unsuccessful with invalid username #2" classname="Test Login functionalities" time="8.442">
    <system-out><![CDATA[
@negative_test
Scenario Outline: Check login is unsuccessful with invalid username &amp#27;[90m# src/test/resources/Features/login.feature:24&amp#27;[0m
  &amp#27;[32mGiven &amp#27;[0m&amp#27;[32mUser is on the login page&amp#27;[0m                                   &amp#27;[90m# step_definitions.LoginSteps.navigateToLoginPage()&amp#27;[0m
  &amp#27;[32mWhen &amp#27;[0m&amp#27;[32mUser enters username "&amp#27;[0m&amp#27;[32m&amp#27;[1mstudenT&amp#27;[0m&amp#27;[32m" and password "&amp#27;[0m&amp#27;[32m&amp#27;[1mPassword123&amp#27;[0m&amp#27;[32m"&amp#27;[0m    &amp#27;[90m# step_definitions.LoginSteps.enterUserCredentials(java.lang.String,java.lang.String)&amp#27;[0m
  &amp#27;[32mAnd &amp#27;[0m&amp#27;[32mUser clicks the login button&amp#27;[0m                                  &amp#27;[90m# step_definitions.LoginSteps.clickOnLogin()&amp#27;[0m
  &amp#27;[32mThen &amp#27;[0m&amp#27;[32mUser is failed to login for invalid username&amp#27;[0m                 &amp#27;[90m# step_definitions.LoginSteps.validateLoginFailureForInvalidUsername()&amp#27;[0m
]]></system-out>
    <system-err><![CDATA[Aug 26, 2023 10:48:13 PM org.openqa.selenium.remote.service.DriverService$Builder getLogOutput
INFO: Driver logs no longer sent to console by default; https://www.selenium.dev/documentation/webdriver/drivers/service/#setting-log-output
Aug 26, 2023 10:48:14 PM org.openqa.selenium.devtools.CdpVersionFinder findNearestMatch
WARNING: Unable to find an exact match for CDP version 116, so returning the closest version found: 114
]]></system-err>
  </testcase>
  <testcase name="Check login is unsuccessful with invalid password" classname="Test Login functionalities" time="12.826">
    <system-out><![CDATA[
@negative_test
Scenario Outline: Check login is unsuccessful with invalid password &amp#27;[90m# src/test/resources/Features/login.feature:35&amp#27;[0m
  &amp#27;[32mGiven &amp#27;[0m&amp#27;[32mUser is on the login page&amp#27;[0m                                   &amp#27;[90m# step_definitions.LoginSteps.navigateToLoginPage()&amp#27;[0m
  &amp#27;[32mWhen &amp#27;[0m&amp#27;[32mUser enters username "&amp#27;[0m&amp#27;[32m&amp#27;[1mstudent&amp#27;[0m&amp#27;[32m" and password "&amp#27;[0m&amp#27;[32m&amp#27;[1mPassword12&amp#27;[0m&amp#27;[32m"&amp#27;[0m     &amp#27;[90m# step_definitions.LoginSteps.enterUserCredentials(java.lang.String,java.lang.String)&amp#27;[0m
  &amp#27;[32mAnd &amp#27;[0m&amp#27;[32mUser clicks the login button&amp#27;[0m                                  &amp#27;[90m# step_definitions.LoginSteps.clickOnLogin()&amp#27;[0m
  &amp#27;[32mThen &amp#27;[0m&amp#27;[32mUser is failed to login for invalid password&amp#27;[0m                 &amp#27;[90m# step_definitions.LoginSteps.validateLoginFailureForInvalidPassword()&amp#27;[0m
]]></system-out>
    <system-err><![CDATA[Aug 26, 2023 10:48:21 PM org.openqa.selenium.remote.service.DriverService$Builder getLogOutput
INFO: Driver logs no longer sent to console by default; https://www.selenium.dev/documentation/webdriver/drivers/service/#setting-log-output
Aug 26, 2023 10:48:22 PM org.openqa.selenium.devtools.CdpVersionFinder findNearestMatch
WARNING: Unable to find an exact match for CDP version 116, so returning the closest version found: 114
]]></system-err>
  </testcase>
</testsuite>